[0m15:56:51.928329 [debug] [MainThread]: Sending event: {'category': 'dbt', 'action': 'invocation', 'label': 'start', 'context': [<snowplow_tracker.self_describing_json.SelfDescribingJson object at 0x7fbd026735e0>, <snowplow_tracker.self_describing_json.SelfDescribingJson object at 0x7fbd04726ec0>, <snowplow_tracker.self_describing_json.SelfDescribingJson object at 0x7fbd04726ef0>]}


============================== 15:56:51.929770 | 5367a816-0911-421b-9e9f-0ebce5de76e5 ==============================
[0m15:56:51.929770 [info ] [MainThread]: Running with dbt=1.5.0
[0m15:56:51.930113 [debug] [MainThread]: running dbt with arguments {'printer_width': '80', 'indirect_selection': 'eager', 'write_json': 'True', 'log_cache_events': 'False', 'partial_parse': 'True', 'cache_selected_only': 'False', 'warn_error': 'None', 'fail_fast': 'False', 'debug': 'False', 'log_path': 'logs', 'version_check': 'True', 'profiles_dir': '.', 'use_colors': 'True', 'use_experimental_parser': 'False', 'no_print': 'None', 'quiet': 'False', 'warn_error_options': 'WarnErrorOptions(include=[], exclude=[])', 'static_parser': 'True', 'log_format': 'default', 'introspect': 'True', 'target_path': 'None', 'send_anonymous_usage_stats': 'True'}
[0m15:57:15.781335 [debug] [MainThread]: Starter project path: /home/xdebeaumont/.local/lib/python3.10/site-packages/dbt/include/starter_project
[0m15:58:07.938740 [info ] [MainThread]: Profile twitter_stream written to profiles.yml using target's profile_template.yml and your supplied values. Run 'dbt debug' to validate the connection.
[0m15:58:07.940127 [info ] [MainThread]: 
Your new dbt project "twitter_stream" was created!

For more information on how to configure the profiles.yml file,
please consult the dbt documentation here:

  https://docs.getdbt.com/docs/configure-your-profile

One more thing:

Need help? Don't hesitate to reach out to us via GitHub issues or on Slack:

  https://community.getdbt.com/

Happy modeling!

[0m15:58:07.941967 [debug] [MainThread]: Command `dbt init` succeeded at 15:58:07.941656 after 76.01 seconds
[0m15:58:07.942485 [debug] [MainThread]: Sending event: {'category': 'dbt', 'action': 'invocation', 'label': 'end', 'context': [<snowplow_tracker.self_describing_json.SelfDescribingJson object at 0x7fbd026735e0>, <snowplow_tracker.self_describing_json.SelfDescribingJson object at 0x7fbd01154640>, <snowplow_tracker.self_describing_json.SelfDescribingJson object at 0x7fbcd5d1a260>]}
[0m15:58:07.942929 [debug] [MainThread]: Flushing usage events
[0m16:00:27.638486 [debug] [MainThread]: Sending event: {'category': 'dbt', 'action': 'invocation', 'label': 'start', 'context': [<snowplow_tracker.self_describing_json.SelfDescribingJson object at 0x7f9ff71935e0>, <snowplow_tracker.self_describing_json.SelfDescribingJson object at 0x7f9ff9302ec0>, <snowplow_tracker.self_describing_json.SelfDescribingJson object at 0x7f9ff9302e90>]}


============================== 16:00:27.639924 | d463d3e2-0b38-4781-b378-ef06065573f9 ==============================
[0m16:00:27.639924 [info ] [MainThread]: Running with dbt=1.5.0
[0m16:00:27.640290 [debug] [MainThread]: running dbt with arguments {'printer_width': '80', 'indirect_selection': 'eager', 'write_json': 'True', 'log_cache_events': 'False', 'partial_parse': 'True', 'cache_selected_only': 'False', 'profiles_dir': '.', 'version_check': 'True', 'warn_error': 'None', 'log_path': 'logs', 'fail_fast': 'False', 'debug': 'False', 'use_colors': 'True', 'use_experimental_parser': 'False', 'no_print': 'None', 'quiet': 'False', 'log_format': 'default', 'introspect': 'True', 'warn_error_options': 'WarnErrorOptions(include=[], exclude=[])', 'static_parser': 'True', 'target_path': 'None', 'send_anonymous_usage_stats': 'True'}
[0m16:00:27.640590 [error] [MainThread]: Encountered an error:
Runtime Error
  No dbt_project.yml found at expected path ./dbt_project.yml
  Verify that each entry within packages.yml (and their transitive dependencies) contains a file named dbt_project.yml
  
[0m16:00:27.641058 [debug] [MainThread]: Command `dbt seed` failed at 16:00:27.640976 after 0.00 seconds
[0m16:00:27.641290 [debug] [MainThread]: Sending event: {'category': 'dbt', 'action': 'invocation', 'label': 'end', 'context': [<snowplow_tracker.self_describing_json.SelfDescribingJson object at 0x7f9ff71935e0>, <snowplow_tracker.self_describing_json.SelfDescribingJson object at 0x7f9ff9302ec0>, <snowplow_tracker.self_describing_json.SelfDescribingJson object at 0x7f9ff5c747f0>]}
[0m16:00:27.641512 [debug] [MainThread]: Flushing usage events
